<?xml version="1.0" encoding="UTF-8"?>
<!-- Generated by org.testng.reporters.JUnitReportReporter -->
<testsuite hostname="Harishyam" failures="1" tests="12" name="restFullBooker.RestFullBookerTest" time="18.928" errors="0" timestamp="2024-12-12T03:01:37 IST" skipped="2">
  <testcase classname="restFullBooker.RestFullBookerTest" name="pingServerForHealthCheck" time="3.177"/>
  <system-out/>
  <testcase classname="restFullBooker.RestFullBookerTest" name="getAuthToken" time="1.737"/>
  <system-out/>
  <testcase classname="restFullBooker.RestFullBookerTest" name="fetchAllBookingIDs" time="1.398"/>
  <system-out/>
  <testcase classname="restFullBooker.RestFullBookerTest" name="createNewBooking" time="1.403"/>
  <system-out/>
  <testcase classname="restFullBooker.RestFullBookerTest" name="fetchCustomerDetailByID" time="1.398"/>
  <system-out/>
  <testcase classname="restFullBooker.RestFullBookerTest" name="filterBookingIDsByName" time="1.442"/>
  <system-out/>
  <testcase classname="restFullBooker.RestFullBookerTest" name="filterBookingIDsByCheckInOutDate" time="1.408">
    <skipped/>
  </testcase> <!-- filterBookingIDsByCheckInOutDate -->
  <system-out/>
  <testcase classname="restFullBooker.RestFullBookerTest" name="filterBookingIDsByCheckInOutDate" time="1.367">
    <skipped/>
  </testcase> <!-- filterBookingIDsByCheckInOutDate -->
  <system-out/>
  <testcase classname="restFullBooker.RestFullBookerTest" name="filterBookingIDsByCheckInOutDate" time="1.386">
    <failure message="The following asserts failed:
	BookingIDs not found expected [true] but found [false]" type="java.lang.AssertionError">
      <![CDATA[java.lang.AssertionError: The following asserts failed:
BookingIDs not found expected [true] but found [false]
at org.testng.asserts.SoftAssert.assertAll(SoftAssert.java:46)
at org.testng.asserts.SoftAssert.assertAll(SoftAssert.java:30)
at utils.SoftAssertionUtil.AssertAll(SoftAssertionUtil.java:53)
at restFullBooker.RestFullBookerTest.filterBookingIDsByCheckInOutDate(RestFullBookerTest.java:156)
at java.base/jdk.internal.reflect.NativeMethodAccessorImpl.invoke0(Native Method)
at java.base/jdk.internal.reflect.NativeMethodAccessorImpl.invoke(NativeMethodAccessorImpl.java:77)
at java.base/jdk.internal.reflect.DelegatingMethodAccessorImpl.invoke(DelegatingMethodAccessorImpl.java:43)
at java.base/java.lang.reflect.Method.invoke(Method.java:568)
at org.testng.internal.invokers.MethodInvocationHelper.invokeMethod(MethodInvocationHelper.java:139)
at org.testng.internal.invokers.TestInvoker.invokeMethod(TestInvoker.java:677)
at org.testng.internal.invokers.TestInvoker.retryFailed(TestInvoker.java:263)
at org.testng.internal.invokers.MethodRunner.runInSequence(MethodRunner.java:62)
at org.testng.internal.invokers.TestInvoker$MethodInvocationAgent.invoke(TestInvoker.java:969)
at org.testng.internal.invokers.TestInvoker.invokeTestMethods(TestInvoker.java:194)
at org.testng.internal.invokers.TestMethodWorker.invokeTestMethods(TestMethodWorker.java:148)
at org.testng.internal.invokers.TestMethodWorker.run(TestMethodWorker.java:128)
at java.base/java.util.ArrayList.forEach(ArrayList.java:1511)
at org.testng.TestRunner.privateRun(TestRunner.java:829)
at org.testng.TestRunner.run(TestRunner.java:602)
at org.testng.SuiteRunner.runTest(SuiteRunner.java:437)
at org.testng.SuiteRunner.runSequentially(SuiteRunner.java:431)
at org.testng.SuiteRunner.privateRun(SuiteRunner.java:391)
at org.testng.SuiteRunner.run(SuiteRunner.java:330)
at org.testng.SuiteRunnerWorker.runSuite(SuiteRunnerWorker.java:52)
at org.testng.SuiteRunnerWorker.run(SuiteRunnerWorker.java:95)
at org.testng.TestNG.runSuitesSequentially(TestNG.java:1256)
at org.testng.TestNG.runSuitesLocally(TestNG.java:1176)
at org.testng.TestNG.runSuites(TestNG.java:1099)
at org.testng.TestNG.run(TestNG.java:1067)
at org.testng.remote.AbstractRemoteTestNG.run(AbstractRemoteTestNG.java:115)
at org.testng.remote.RemoteTestNG.initAndRun(RemoteTestNG.java:293)
at org.testng.remote.RemoteTestNG.main(RemoteTestNG.java:91)
]]>
    </failure>
  </testcase> <!-- filterBookingIDsByCheckInOutDate -->
  <system-out/>
  <testcase classname="restFullBooker.RestFullBookerTest" name="updateCurrentBookingPUT" time="1.434"/>
  <system-out/>
  <testcase classname="restFullBooker.RestFullBookerTest" name="updateCurrentBookingPATCH" time="1.353"/>
  <system-out/>
  <testcase classname="restFullBooker.RestFullBookerTest" name="deletecurrentBooking" time="1.425"/>
  <system-out/>
</testsuite> <!-- restFullBooker.RestFullBookerTest -->
