<html>
<head>
<title>TestNG:  RestAPI : Regression Test Cases</title>
<link href="../testng.css" rel="stylesheet" type="text/css" />
<link href="../my-testng.css" rel="stylesheet" type="text/css" />

<style type="text/css">
.log { display: none;} 
.stack-trace { display: none;} 
</style>
<script type="text/javascript">
<!--
function flip(e) {
  current = e.style.display;
  if (current == 'block') {
    e.style.display = 'none';
    return 0;
  }
  else {
    e.style.display = 'block';
    return 1;
  }
}

function toggleBox(szDivId, elem, msg1, msg2)
{
  var res = -1;  if (document.getElementById) {
    res = flip(document.getElementById(szDivId));
  }
  else if (document.all) {
    // this is the way old msie versions work
    res = flip(document.all[szDivId]);
  }
  if(elem) {
    if(res == 0) elem.innerHTML = msg1; else elem.innerHTML = msg2;
  }

}

function toggleAllBoxes() {
  if (document.getElementsByTagName) {
    d = document.getElementsByTagName('div');
    for (i = 0; i < d.length; i++) {
      if (d[i].className == 'log') {
        flip(d[i]);
      }
    }
  }
}

// -->
</script>

</head>
<body>
<h2 align='center'>RestAPI : Regression Test Cases</h2><table border='1' align="center">
<tr>
<td>Tests passed/Failed/Skipped:</td><td>9/1/2</td>
</tr><tr>
<td>Started on:</td><td>Thu Dec 12 03:01:18 IST 2024</td>
</tr>
<tr><td>Total time:</td><td>19 seconds (19038 ms)</td>
</tr><tr>
<td>Included groups:</td><td></td>
</tr><tr>
<td>Excluded groups:</td><td></td>
</tr>
</table><p/>
<small><i>(Hover the method name to see the test class name)</i></small><p/>
<table width='100%' border='1' class='invocation-failed'>
<tr><td colspan='4' align='center'><b>FAILED TESTS</b></td></tr>
<tr><td><b>Test method</b></td>
<td><b>Attribute(s)</b></td>
<td width="30%"><b>Exception</b></td>
<td width="10%"><b>Time (seconds)</b></td>
<td><b>Instance</b></td>
</tr>
<tr>
<td title='restFullBooker.RestFullBookerTest.filterBookingIDsByCheckInOutDate()'><b>filterBookingIDsByCheckInOutDate</b><br>Test class: restFullBooker.RestFullBookerTest<br>Test method: RB_05 : Test to fetch all the booking IDs filtered by checkIn & checkOut Dates</td>
<td><div><pre>java.lang.AssertionError: The following asserts failed:
	BookingIDs not found expected [true] but found [false]
	at utils.SoftAssertionUtil.AssertAll(SoftAssertionUtil.java:53)
	at restFullBooker.RestFullBookerTest.filterBookingIDsByCheckInOutDate(RestFullBookerTest.java:156)
	at java.base/java.util.ArrayList.forEach(ArrayList.java:1511)
... Removed 29 stack frames</pre></div><a href='#' onClick='toggleBox("stack-trace2041435954", this, "Click to show all stack frames", "Click to hide stack frames")'>Click to show all stack frames</a>
<div class='stack-trace' id='stack-trace2041435954'><pre>java.lang.AssertionError: The following asserts failed:
	BookingIDs not found expected [true] but found [false]
	at org.testng.asserts.SoftAssert.assertAll(SoftAssert.java:46)
	at org.testng.asserts.SoftAssert.assertAll(SoftAssert.java:30)
	at utils.SoftAssertionUtil.AssertAll(SoftAssertionUtil.java:53)
	at restFullBooker.RestFullBookerTest.filterBookingIDsByCheckInOutDate(RestFullBookerTest.java:156)
	at java.base/jdk.internal.reflect.NativeMethodAccessorImpl.invoke0(Native Method)
	at java.base/jdk.internal.reflect.NativeMethodAccessorImpl.invoke(NativeMethodAccessorImpl.java:77)
	at java.base/jdk.internal.reflect.DelegatingMethodAccessorImpl.invoke(DelegatingMethodAccessorImpl.java:43)
	at java.base/java.lang.reflect.Method.invoke(Method.java:568)
	at org.testng.internal.invokers.MethodInvocationHelper.invokeMethod(MethodInvocationHelper.java:139)
	at org.testng.internal.invokers.TestInvoker.invokeMethod(TestInvoker.java:677)
	at org.testng.internal.invokers.TestInvoker.retryFailed(TestInvoker.java:263)
	at org.testng.internal.invokers.MethodRunner.runInSequence(MethodRunner.java:62)
	at org.testng.internal.invokers.TestInvoker$MethodInvocationAgent.invoke(TestInvoker.java:969)
	at org.testng.internal.invokers.TestInvoker.invokeTestMethods(TestInvoker.java:194)
	at org.testng.internal.invokers.TestMethodWorker.invokeTestMethods(TestMethodWorker.java:148)
	at org.testng.internal.invokers.TestMethodWorker.run(TestMethodWorker.java:128)
	at java.base/java.util.ArrayList.forEach(ArrayList.java:1511)
	at org.testng.TestRunner.privateRun(TestRunner.java:829)
	at org.testng.TestRunner.run(TestRunner.java:602)
	at org.testng.SuiteRunner.runTest(SuiteRunner.java:437)
	at org.testng.SuiteRunner.runSequentially(SuiteRunner.java:431)
	at org.testng.SuiteRunner.privateRun(SuiteRunner.java:391)
	at org.testng.SuiteRunner.run(SuiteRunner.java:330)
	at org.testng.SuiteRunnerWorker.runSuite(SuiteRunnerWorker.java:52)
	at org.testng.SuiteRunnerWorker.run(SuiteRunnerWorker.java:95)
	at org.testng.TestNG.runSuitesSequentially(TestNG.java:1256)
	at org.testng.TestNG.runSuitesLocally(TestNG.java:1176)
	at org.testng.TestNG.runSuites(TestNG.java:1099)
	at org.testng.TestNG.run(TestNG.java:1067)
	at org.testng.remote.AbstractRemoteTestNG.run(AbstractRemoteTestNG.java:115)
	at org.testng.remote.RemoteTestNG.initAndRun(RemoteTestNG.java:293)
	at org.testng.remote.RemoteTestNG.main(RemoteTestNG.java:91)
</pre></div></td>
<td>1</td>
<td>restFullBooker.RestFullBookerTest@537f60bf</td></tr>
</table><p>
<table width='100%' border='1' class='invocation-passed'>
<tr><td colspan='4' align='center'><b>PASSED TESTS</b></td></tr>
<tr><td><b>Test method</b></td>
<td><b>Attribute(s)</b></td>
<td width="30%"><b>Exception</b></td>
<td width="10%"><b>Time (seconds)</b></td>
<td><b>Instance</b></td>
</tr>
<tr>
<td title='restFullBooker.RestFullBookerTest.createNewBooking()'><b>createNewBooking</b><br>Test class: restFullBooker.RestFullBookerTest<br>Test method: RB_07 : Test to validate to create New Booking with Content-Type : application/json</td>
<td></td>
<td>1</td>
<td>restFullBooker.RestFullBookerTest@537f60bf</td></tr>
<tr>
<td title='restFullBooker.RestFullBookerTest.fetchCustomerDetailByID()'><b>fetchCustomerDetailByID</b><br>Test class: restFullBooker.RestFullBookerTest<br>Test method: RB_06 : Test to fetch the customer detail by booking ID</td>
<td></td>
<td>1</td>
<td>restFullBooker.RestFullBookerTest@537f60bf</td></tr>
<tr>
<td title='restFullBooker.RestFullBookerTest.getAuthToken()'><b>getAuthToken</b><br>Test class: restFullBooker.RestFullBookerTest<br>Test method: RB_02 : Test to create new auth token for booking</td>
<td></td>
<td>1</td>
<td>restFullBooker.RestFullBookerTest@537f60bf</td></tr>
<tr>
<td title='restFullBooker.RestFullBookerTest.updateCurrentBookingPUT()'><b>updateCurrentBookingPUT</b><br>Test class: restFullBooker.RestFullBookerTest<br>Test method: RB_08 : Test to validate to update the current Booking with Content-Type : application/json</td>
<td></td>
<td>1</td>
<td>restFullBooker.RestFullBookerTest@537f60bf</td></tr>
<tr>
<td title='restFullBooker.RestFullBookerTest.fetchAllBookingIDs()'><b>fetchAllBookingIDs</b><br>Test class: restFullBooker.RestFullBookerTest<br>Test method: RB_03 : Test to fetch all the booking IDs</td>
<td></td>
<td>1</td>
<td>restFullBooker.RestFullBookerTest@537f60bf</td></tr>
<tr>
<td title='restFullBooker.RestFullBookerTest.filterBookingIDsByName()'><b>filterBookingIDsByName</b><br>Test class: restFullBooker.RestFullBookerTest<br>Test method: RB_04 : Test to fetch all the booking IDs filtered by first & last name</td>
<td></td>
<td>1</td>
<td>restFullBooker.RestFullBookerTest@537f60bf</td></tr>
<tr>
<td title='restFullBooker.RestFullBookerTest.deletecurrentBooking()'><b>deletecurrentBooking</b><br>Test class: restFullBooker.RestFullBookerTest<br>Test method: RB_10 : Test validate to delete specifig booking</td>
<td></td>
<td>1</td>
<td>restFullBooker.RestFullBookerTest@537f60bf</td></tr>
<tr>
<td title='restFullBooker.RestFullBookerTest.pingServerForHealthCheck()'><b>pingServerForHealthCheck</b><br>Test class: restFullBooker.RestFullBookerTest<br>Test method: RB_01 : Test to validate the Healthcheck point for the API.</td>
<td></td>
<td>3</td>
<td>restFullBooker.RestFullBookerTest@537f60bf</td></tr>
<tr>
<td title='restFullBooker.RestFullBookerTest.updateCurrentBookingPATCH()'><b>updateCurrentBookingPATCH</b><br>Test class: restFullBooker.RestFullBookerTest<br>Test method: RB_09 : Test to validate to update the current Booking partially with Content-Type : application/json</td>
<td></td>
<td>1</td>
<td>restFullBooker.RestFullBookerTest@537f60bf</td></tr>
</table><p>
<table width='100%' border='1' class='invocation-skipped'>
<tr><td colspan='4' align='center'><b>SKIPPED TESTS</b></td></tr>
<tr><td><b>Test method</b></td>
<td><b>Attribute(s)</b></td>
<td width="30%"><b>Exception</b></td>
<td width="10%"><b>Time (seconds)</b></td>
<td><b>Instance</b></td>
</tr>
<tr>
<td title='restFullBooker.RestFullBookerTest.filterBookingIDsByCheckInOutDate()'><b>filterBookingIDsByCheckInOutDate</b><br>Test class: restFullBooker.RestFullBookerTest<br>Test method: RB_05 : Test to fetch all the booking IDs filtered by checkIn & checkOut Dates</td>
<td><div><pre>java.lang.AssertionError: The following asserts failed:
	BookingIDs not found expected [true] but found [false]
	at utils.SoftAssertionUtil.AssertAll(SoftAssertionUtil.java:53)
	at restFullBooker.RestFullBookerTest.filterBookingIDsByCheckInOutDate(RestFullBookerTest.java:156)
	at java.base/java.util.ArrayList.forEach(ArrayList.java:1511)
... Removed 29 stack frames</pre></div><a href='#' onClick='toggleBox("stack-trace1616453147", this, "Click to show all stack frames", "Click to hide stack frames")'>Click to show all stack frames</a>
<div class='stack-trace' id='stack-trace1616453147'><pre>java.lang.AssertionError: The following asserts failed:
	BookingIDs not found expected [true] but found [false]
	at org.testng.asserts.SoftAssert.assertAll(SoftAssert.java:46)
	at org.testng.asserts.SoftAssert.assertAll(SoftAssert.java:30)
	at utils.SoftAssertionUtil.AssertAll(SoftAssertionUtil.java:53)
	at restFullBooker.RestFullBookerTest.filterBookingIDsByCheckInOutDate(RestFullBookerTest.java:156)
	at java.base/jdk.internal.reflect.NativeMethodAccessorImpl.invoke0(Native Method)
	at java.base/jdk.internal.reflect.NativeMethodAccessorImpl.invoke(NativeMethodAccessorImpl.java:77)
	at java.base/jdk.internal.reflect.DelegatingMethodAccessorImpl.invoke(DelegatingMethodAccessorImpl.java:43)
	at java.base/java.lang.reflect.Method.invoke(Method.java:568)
	at org.testng.internal.invokers.MethodInvocationHelper.invokeMethod(MethodInvocationHelper.java:139)
	at org.testng.internal.invokers.TestInvoker.invokeMethod(TestInvoker.java:677)
	at org.testng.internal.invokers.TestInvoker.invokeTestMethod(TestInvoker.java:221)
	at org.testng.internal.invokers.MethodRunner.runInSequence(MethodRunner.java:50)
	at org.testng.internal.invokers.TestInvoker$MethodInvocationAgent.invoke(TestInvoker.java:969)
	at org.testng.internal.invokers.TestInvoker.invokeTestMethods(TestInvoker.java:194)
	at org.testng.internal.invokers.TestMethodWorker.invokeTestMethods(TestMethodWorker.java:148)
	at org.testng.internal.invokers.TestMethodWorker.run(TestMethodWorker.java:128)
	at java.base/java.util.ArrayList.forEach(ArrayList.java:1511)
	at org.testng.TestRunner.privateRun(TestRunner.java:829)
	at org.testng.TestRunner.run(TestRunner.java:602)
	at org.testng.SuiteRunner.runTest(SuiteRunner.java:437)
	at org.testng.SuiteRunner.runSequentially(SuiteRunner.java:431)
	at org.testng.SuiteRunner.privateRun(SuiteRunner.java:391)
	at org.testng.SuiteRunner.run(SuiteRunner.java:330)
	at org.testng.SuiteRunnerWorker.runSuite(SuiteRunnerWorker.java:52)
	at org.testng.SuiteRunnerWorker.run(SuiteRunnerWorker.java:95)
	at org.testng.TestNG.runSuitesSequentially(TestNG.java:1256)
	at org.testng.TestNG.runSuitesLocally(TestNG.java:1176)
	at org.testng.TestNG.runSuites(TestNG.java:1099)
	at org.testng.TestNG.run(TestNG.java:1067)
	at org.testng.remote.AbstractRemoteTestNG.run(AbstractRemoteTestNG.java:115)
	at org.testng.remote.RemoteTestNG.initAndRun(RemoteTestNG.java:293)
	at org.testng.remote.RemoteTestNG.main(RemoteTestNG.java:91)
</pre></div></td>
<td>1</td>
<td>restFullBooker.RestFullBookerTest@537f60bf</td></tr>
<tr>
<td title='restFullBooker.RestFullBookerTest.filterBookingIDsByCheckInOutDate()'><b>filterBookingIDsByCheckInOutDate</b><br>Test class: restFullBooker.RestFullBookerTest<br>Test method: RB_05 : Test to fetch all the booking IDs filtered by checkIn & checkOut Dates</td>
<td><div><pre>java.lang.AssertionError: The following asserts failed:
	BookingIDs not found expected [true] but found [false]
	at utils.SoftAssertionUtil.AssertAll(SoftAssertionUtil.java:53)
	at restFullBooker.RestFullBookerTest.filterBookingIDsByCheckInOutDate(RestFullBookerTest.java:156)
	at java.base/java.util.ArrayList.forEach(ArrayList.java:1511)
... Removed 29 stack frames</pre></div><a href='#' onClick='toggleBox("stack-trace212329343", this, "Click to show all stack frames", "Click to hide stack frames")'>Click to show all stack frames</a>
<div class='stack-trace' id='stack-trace212329343'><pre>java.lang.AssertionError: The following asserts failed:
	BookingIDs not found expected [true] but found [false]
	at org.testng.asserts.SoftAssert.assertAll(SoftAssert.java:46)
	at org.testng.asserts.SoftAssert.assertAll(SoftAssert.java:30)
	at utils.SoftAssertionUtil.AssertAll(SoftAssertionUtil.java:53)
	at restFullBooker.RestFullBookerTest.filterBookingIDsByCheckInOutDate(RestFullBookerTest.java:156)
	at java.base/jdk.internal.reflect.NativeMethodAccessorImpl.invoke0(Native Method)
	at java.base/jdk.internal.reflect.NativeMethodAccessorImpl.invoke(NativeMethodAccessorImpl.java:77)
	at java.base/jdk.internal.reflect.DelegatingMethodAccessorImpl.invoke(DelegatingMethodAccessorImpl.java:43)
	at java.base/java.lang.reflect.Method.invoke(Method.java:568)
	at org.testng.internal.invokers.MethodInvocationHelper.invokeMethod(MethodInvocationHelper.java:139)
	at org.testng.internal.invokers.TestInvoker.invokeMethod(TestInvoker.java:677)
	at org.testng.internal.invokers.TestInvoker.retryFailed(TestInvoker.java:263)
	at org.testng.internal.invokers.MethodRunner.runInSequence(MethodRunner.java:62)
	at org.testng.internal.invokers.TestInvoker$MethodInvocationAgent.invoke(TestInvoker.java:969)
	at org.testng.internal.invokers.TestInvoker.invokeTestMethods(TestInvoker.java:194)
	at org.testng.internal.invokers.TestMethodWorker.invokeTestMethods(TestMethodWorker.java:148)
	at org.testng.internal.invokers.TestMethodWorker.run(TestMethodWorker.java:128)
	at java.base/java.util.ArrayList.forEach(ArrayList.java:1511)
	at org.testng.TestRunner.privateRun(TestRunner.java:829)
	at org.testng.TestRunner.run(TestRunner.java:602)
	at org.testng.SuiteRunner.runTest(SuiteRunner.java:437)
	at org.testng.SuiteRunner.runSequentially(SuiteRunner.java:431)
	at org.testng.SuiteRunner.privateRun(SuiteRunner.java:391)
	at org.testng.SuiteRunner.run(SuiteRunner.java:330)
	at org.testng.SuiteRunnerWorker.runSuite(SuiteRunnerWorker.java:52)
	at org.testng.SuiteRunnerWorker.run(SuiteRunnerWorker.java:95)
	at org.testng.TestNG.runSuitesSequentially(TestNG.java:1256)
	at org.testng.TestNG.runSuitesLocally(TestNG.java:1176)
	at org.testng.TestNG.runSuites(TestNG.java:1099)
	at org.testng.TestNG.run(TestNG.java:1067)
	at org.testng.remote.AbstractRemoteTestNG.run(AbstractRemoteTestNG.java:115)
	at org.testng.remote.RemoteTestNG.initAndRun(RemoteTestNG.java:293)
	at org.testng.remote.RemoteTestNG.main(RemoteTestNG.java:91)
</pre></div></td>
<td>1</td>
<td>restFullBooker.RestFullBookerTest@537f60bf</td></tr>
</table><p>
</body>
</html>